Arguments: 
  /home/marie/.nvm/versions/node/v16.16.0/bin/node /usr/bin/yarn

PATH: 
  /home/marie/.pyenv/shims:/home/marie/go/bin:/home/marie/.pyenv/bin:/home/marie/.nvm/versions/node/v16.16.0/bin:/usr/local/bin:/usr/bin:/var/lib/snapd/snap/bin:/usr/local/sbin:/usr/lib/jvm/default/bin:/usr/bin/site_perl:/usr/bin/vendor_perl:/usr/bin/core_perl

Yarn version: 
  1.22.18

Node version: 
  16.16.0

Platform: 
  linux x64

Trace: 
  Error: EPERM: operation not permitted, symlink '../../../../markdown-it/bin/markdown-it.js' -> '/storage/Presentations/About Me/node_modules/@hedgedoc/markdown-it-task-lists/node_modules/.bin/markdown-it'

npm manifest: 
  {
    "name": "react-slidev",
    "private": true,
    "scripts": {
      "build": "slidev build",
      "dev": "slidev --open",
      "export": "slidev export"
    },
    "dependencies": {
      "@slidev/cli": "^0.34.3",
      "@slidev/theme-default": "*",
      "@slidev/theme-seriph": "*",
      "@slidev/theme-shibainu": "^0.0.2",
      "slidev-theme-penguin": "^1.4.1",
      "slidev-theme-unicorn": "^1.1.1"
    },
    "devDependencies": {
      "playwright-chromium": "^1.24.0"
    }
  }

yarn manifest: 
  No manifest

Lockfile: 
  No lockfile
